[debug] [2024-01-16T11:08:36.945Z] ----------------------------------------------------------------------
[debug] [2024-01-16T11:08:36.948Z] Command:       C:\Program Files\nodejs\node.exe C:\Users\ACER\AppData\Roaming\npm\node_modules\firebase-tools\lib\bin\firebase.js projects:list --json
[debug] [2024-01-16T11:08:36.948Z] CLI Version:   13.0.3
[debug] [2024-01-16T11:08:36.948Z] Platform:      win32
[debug] [2024-01-16T11:08:36.949Z] Node Version:  v20.11.0
[debug] [2024-01-16T11:08:36.949Z] Time:          Tue Jan 16 2024 16:38:36 GMT+0530 (India Standard Time)
[debug] [2024-01-16T11:08:36.949Z] ----------------------------------------------------------------------
[debug] 
[debug] [2024-01-16T11:08:36.954Z] > command requires scopes: ["email","openid","https://www.googleapis.com/auth/cloudplatformprojects.readonly","https://www.googleapis.com/auth/firebase","https://www.googleapis.com/auth/cloud-platform"]
[debug] [2024-01-16T11:08:36.955Z] > authorizing via signed-in user (thananchayan26@gmail.com)
[debug] [2024-01-16T11:08:36.960Z] >>> [apiv2][query] GET https://firebase.googleapis.com/v1beta1/projects pageSize=1000
[debug] [2024-01-16T11:08:36.999Z] Error: EPIPE: broken pipe, write
    at Socket._write (node:internal/net:61:25)
    at writeOrBuffer (node:internal/streams/writable:564:12)
    at _write (node:internal/streams/writable:493:10)
    at Writable.write (node:internal/streams/writable:502:10)
    at Ora.start (C:\Users\ACER\AppData\Roaming\npm\node_modules\firebase-tools\node_modules\ora\index.js:304:17)
    at Command.actionFn (C:\Users\ACER\AppData\Roaming\npm\node_modules\firebase-tools\lib\commands\projects-list.js:48:73)
    at C:\Users\ACER\AppData\Roaming\npm\node_modules\firebase-tools\lib\command.js:228:25
    at process.processTicksAndRejections (node:internal/process/task_queues:95:5)
[error] 
[error] Error: An unexpected error has occurred.
